<?xml version="1.0" encoding="UTF-8"?>
<testng-results skipped="0" failed="0" ignored="0" total="1" passed="1">
  <reporter-output>
  </reporter-output>
  <suite name="Default suite" duration-ms="14797" started-at="2020-05-26T12:42:58 AEST" finished-at="2020-05-26T12:43:13 AEST">
    <groups>
    </groups>
    <test name="Default test" duration-ms="14797" started-at="2020-05-26T12:42:58 AEST" finished-at="2020-05-26T12:43:13 AEST">
      <class name="Testpackage.ApplicationTest">
        <test-method status="PASS" signature="beforesetup()[pri:0, instance:Testpackage.ApplicationTest@4d95d2a2]" name="beforesetup" is-config="true" duration-ms="617" started-at="2020-05-26T12:42:57 AEST" finished-at="2020-05-26T12:42:58 AEST">
          <reporter-output>
          </reporter-output>
        </test-method> <!-- beforesetup -->
        <test-method status="PASS" signature="setup()[pri:0, instance:Testpackage.ApplicationTest@4d95d2a2]" name="setup" is-config="true" duration-ms="6720" started-at="2020-05-26T12:42:58 AEST" finished-at="2020-05-26T12:43:05 AEST">
          <reporter-output>
          </reporter-output>
        </test-method> <!-- setup -->
        <test-method status="PASS" signature="calltest()[pri:0, instance:Testpackage.ApplicationTest@4d95d2a2]" name="calltest" duration-ms="6674" started-at="2020-05-26T12:43:05 AEST" finished-at="2020-05-26T12:43:12 AEST">
          <reporter-output>
          </reporter-output>
        </test-method> <!-- calltest -->
        <test-method status="PASS" signature="teard(org.testng.ITestResult)[pri:0, instance:Testpackage.ApplicationTest@4d95d2a2]" name="teard" is-config="true" duration-ms="2" started-at="2020-05-26T12:43:12 AEST" finished-at="2020-05-26T12:43:12 AEST">
          <params>
            <param index="0">
              <value>
                <![CDATA[[TestResult name=calltest status=SUCCESS method=ApplicationTest.calltest()[pri:0, instance:Testpackage.ApplicationTest@4d95d2a2] output={null}]]]>
              </value>
            </param>
          </params>
          <reporter-output>
          </reporter-output>
        </test-method> <!-- teard -->
        <test-method status="PASS" signature="teardown()[pri:0, instance:Testpackage.ApplicationTest@4d95d2a2]" name="teardown" is-config="true" duration-ms="1368" started-at="2020-05-26T12:43:12 AEST" finished-at="2020-05-26T12:43:13 AEST">
          <reporter-output>
          </reporter-output>
        </test-method> <!-- teardown -->
      </class> <!-- Testpackage.ApplicationTest -->
    </test> <!-- Default test -->
  </suite> <!-- Default suite -->
</testng-results>
