<?xml version="1.0" encoding="UTF-8"?>
<!-- Generated by org.testng.reporters.JUnitXMLReporter -->
<testsuite hostname="SCI-9859" ignored="0" name="Test" tests="2" failures="1" timestamp="2019-11-21T11:02:44 AEDT" time="0.532" errors="0">
  <testcase name="@AfterClass teardown" time="0.0" classname="Testpackage.base">
    <failure type="java.lang.NullPointerException">
      <![CDATA[java.lang.NullPointerException
at Testpackage.BrowserDrivenData.quit(BrowserDrivenData.java:40)
at Testpackage.base.teardown(base.java:18)
at java.util.ArrayList.forEach(Unknown Source)
... Removed 25 stack frames]]>
    </failure>
  </testcase> <!-- @AfterClass teardown -->
  <testcase name="callexcel" time="0.44" classname="Testpackage.ApplicationTest"/>
  <testcase name="calltest" time="0.025" classname="Testpackage.ApplicationTest">
    <failure type="java.lang.NullPointerException">
      <![CDATA[java.lang.NullPointerException
at org.openqa.selenium.support.pagefactory.DefaultElementLocator.findElement(DefaultElementLocator.java:69)
at org.openqa.selenium.support.pagefactory.internal.LocatingElementHandler.invoke(LocatingElementHandler.java:38)
at com.sun.proxy.$Proxy9.sendKeys(Unknown Source)
at com.seleniumlesson1.login.loginorange(login.java:23)
at Testpackage.ApplicationTest.calltest(ApplicationTest.java:19)
at java.util.ArrayList.forEach(Unknown Source)
... Removed 27 stack frames]]>
    </failure>
  </testcase> <!-- calltest -->
</testsuite> <!-- Test -->
